{"/Users/leventberkkaratas/film-kompass-react/src/components/MovieCard.tsx": {"path":"/Users/leventberkkaratas/film-kompass-react/src/components/MovieCard.tsx","statementMap":{"0":{"start":{"line":11,"column":2},"end":{"line":106,"column":null}},"1":{"start":{"line":14,"column":21},"end":{"line":14,"column":null}},"2":{"start":{"line":23,"column":27},"end":{"line":23,"column":null}},"3":{"start":{"line":24,"column":12},"end":{"line":25,"column":null}},"4":{"start":{"line":59,"column":16},"end":{"line":64,"column":null}},"5":{"start":{"line":82,"column":12},"end":{"line":86,"column":null}},"6":{"start":{"line":88,"column":10},"end":{"line":90,"column":null}},"7":{"start":{"line":89,"column":12},"end":{"line":89,"column":null}},"8":{"start":{"line":92,"column":10},"end":{"line":102,"column":null}}},"fnMap":{"0":{"name":"MovieCard","decl":{"start":{"line":9,"column":24},"end":{"line":9,"column":34}},"loc":{"start":{"line":9,"column":70},"end":{"line":108,"column":null}},"line":9},"1":{"name":"(anonymous_1)","decl":{"start":{"line":14,"column":15},"end":{"line":14,"column":21}},"loc":{"start":{"line":14,"column":21},"end":{"line":14,"column":null}},"line":14},"2":{"name":"(anonymous_2)","decl":{"start":{"line":22,"column":19},"end":{"line":22,"column":20}},"loc":{"start":{"line":22,"column":26},"end":{"line":26,"column":null}},"line":22},"3":{"name":"(anonymous_3)","decl":{"start":{"line":58,"column":44},"end":{"line":58,"column":45}},"loc":{"start":{"line":59,"column":16},"end":{"line":64,"column":null}},"line":59},"4":{"name":"(anonymous_4)","decl":{"start":{"line":80,"column":10},"end":{"line":80,"column":16}},"loc":{"start":{"line":80,"column":16},"end":{"line":104,"column":11}},"line":80}},"branchMap":{"0":{"loc":{"start":{"line":19,"column":15},"end":{"line":19,"column":null}},"type":"binary-expr","locations":[{"start":{"line":19,"column":15},"end":{"line":19,"column":35}},{"start":{"line":19,"column":35},"end":{"line":19,"column":null}}],"line":19},"1":{"loc":{"start":{"line":37,"column":19},"end":{"line":37,"column":59}},"type":"binary-expr","locations":[{"start":{"line":37,"column":19},"end":{"line":37,"column":53}},{"start":{"line":37,"column":53},"end":{"line":37,"column":59}}],"line":37},"2":{"loc":{"start":{"line":54,"column":9},"end":{"line":71,"column":null}},"type":"binary-expr","locations":[{"start":{"line":54,"column":9},"end":{"line":54,"column":null}},{"start":{"line":55,"column":10},"end":{"line":55,"column":null}},{"start":{"line":56,"column":10},"end":{"line":56,"column":null}},{"start":{"line":57,"column":12},"end":{"line":71,"column":null}}],"line":54},"3":{"loc":{"start":{"line":66,"column":15},"end":{"line":69,"column":null}},"type":"binary-expr","locations":[{"start":{"line":66,"column":15},"end":{"line":66,"column":null}},{"start":{"line":67,"column":16},"end":{"line":69,"column":null}}],"line":66},"4":{"loc":{"start":{"line":76,"column":11},"end":{"line":76,"column":null}},"type":"binary-expr","locations":[{"start":{"line":76,"column":11},"end":{"line":76,"column":29}},{"start":{"line":76,"column":29},"end":{"line":76,"column":null}}],"line":76},"5":{"loc":{"start":{"line":82,"column":12},"end":{"line":86,"column":null}},"type":"binary-expr","locations":[{"start":{"line":82,"column":12},"end":{"line":82,"column":null}},{"start":{"line":83,"column":12},"end":{"line":83,"column":null}},{"start":{"line":84,"column":12},"end":{"line":84,"column":null}},{"start":{"line":85,"column":12},"end":{"line":85,"column":null}},{"start":{"line":86,"column":12},"end":{"line":86,"column":null}}],"line":82},"6":{"loc":{"start":{"line":88,"column":10},"end":{"line":90,"column":null}},"type":"if","locations":[{"start":{"line":88,"column":10},"end":{"line":90,"column":null}},{"start":{},"end":{}}],"line":88},"7":{"loc":{"start":{"line":95,"column":17},"end":{"line":99,"column":null}},"type":"binary-expr","locations":[{"start":{"line":95,"column":17},"end":{"line":95,"column":null}},{"start":{"line":96,"column":18},"end":{"line":99,"column":null}}],"line":95}},"s":{"0":6,"1":0,"2":0,"3":0,"4":18,"5":6,"6":6,"7":0,"8":6},"f":{"0":6,"1":0,"2":0,"3":18,"4":6},"b":{"0":[6,0],"1":[6,0],"2":[6,6,6,6],"3":[6,0],"4":[6,0],"5":[6,6,6,6,6],"6":[0,6],"7":[6,6]},"meta":{"lastBranch":8,"lastFunction":5,"lastStatement":9,"seen":{"f:9:24:9:34":0,"s:11:2:106:Infinity":0,"f:14:15:14:21":1,"s:14:21:14:Infinity":1,"b:19:15:19:35:19:35:19:Infinity":0,"f:22:19:22:20":2,"s:23:27:23:Infinity":2,"s:24:12:25:Infinity":3,"b:37:19:37:53:37:53:37:59":1,"b:54:9:54:Infinity:55:10:55:Infinity:56:10:56:Infinity:57:12:71:Infinity":2,"f:58:44:58:45":3,"s:59:16:64:Infinity":4,"b:66:15:66:Infinity:67:16:69:Infinity":3,"b:76:11:76:29:76:29:76:Infinity":4,"f:80:10:80:16":4,"s:82:12:86:Infinity":5,"b:82:12:82:Infinity:83:12:83:Infinity:84:12:84:Infinity:85:12:85:Infinity:86:12:86:Infinity":5,"b:88:10:90:Infinity:undefined:undefined:undefined:undefined":6,"s:88:10:90:Infinity":6,"s:89:12:89:Infinity":7,"s:92:10:102:Infinity":8,"b:95:17:95:Infinity:96:18:99:Infinity":7}}}
,"/Users/leventberkkaratas/film-kompass-react/src/services/aiRecommendationService.ts": {"path":"/Users/leventberkkaratas/film-kompass-react/src/services/aiRecommendationService.ts","statementMap":{"0":{"start":{"line":16,"column":29},"end":{"line":21,"column":null}},"1":{"start":{"line":17,"column":2},"end":{"line":17,"column":null}},"2":{"start":{"line":17,"column":55},"end":{"line":17,"column":null}},"3":{"start":{"line":18,"column":2},"end":{"line":18,"column":null}},"4":{"start":{"line":18,"column":59},"end":{"line":18,"column":null}},"5":{"start":{"line":19,"column":2},"end":{"line":19,"column":null}},"6":{"start":{"line":19,"column":55},"end":{"line":19,"column":null}},"7":{"start":{"line":20,"column":2},"end":{"line":20,"column":null}},"8":{"start":{"line":24,"column":25},"end":{"line":24,"column":null}},"9":{"start":{"line":27,"column":4},"end":{"line":27,"column":null}},"10":{"start":{"line":33,"column":4},"end":{"line":138,"column":null}},"11":{"start":{"line":35,"column":6},"end":{"line":37,"column":null}},"12":{"start":{"line":36,"column":8},"end":{"line":36,"column":null}},"13":{"start":{"line":41,"column":10},"end":{"line":41,"column":null}},"14":{"start":{"line":42,"column":6},"end":{"line":44,"column":null}},"15":{"start":{"line":43,"column":8},"end":{"line":43,"column":null}},"16":{"start":{"line":46,"column":50},"end":{"line":50,"column":null}},"17":{"start":{"line":52,"column":47},"end":{"line":59,"column":null}},"18":{"start":{"line":54,"column":48},"end":{"line":54,"column":77}},"19":{"start":{"line":55,"column":27},"end":{"line":55,"column":71}},"20":{"start":{"line":55,"column":60},"end":{"line":55,"column":70}},"21":{"start":{"line":57,"column":46},"end":{"line":57,"column":75}},"22":{"start":{"line":58,"column":27},"end":{"line":58,"column":71}},"23":{"start":{"line":58,"column":60},"end":{"line":58,"column":70}},"24":{"start":{"line":60,"column":28},"end":{"line":60,"column":null}},"25":{"start":{"line":61,"column":26},"end":{"line":63,"column":null}},"26":{"start":{"line":62,"column":34},"end":{"line":62,"column":63}},"27":{"start":{"line":63,"column":25},"end":{"line":63,"column":69}},"28":{"start":{"line":63,"column":58},"end":{"line":63,"column":68}},"29":{"start":{"line":65,"column":30},"end":{"line":87,"column":null}},"30":{"start":{"line":70,"column":51},"end":{"line":74,"column":14}},"31":{"start":{"line":75,"column":47},"end":{"line":79,"column":14}},"32":{"start":{"line":80,"column":45},"end":{"line":84,"column":14}},"33":{"start":{"line":89,"column":6},"end":{"line":92,"column":null}},"34":{"start":{"line":90,"column":8},"end":{"line":90,"column":null}},"35":{"start":{"line":91,"column":8},"end":{"line":91,"column":null}},"36":{"start":{"line":94,"column":6},"end":{"line":97,"column":null}},"37":{"start":{"line":95,"column":8},"end":{"line":95,"column":null}},"38":{"start":{"line":99,"column":27},"end":{"line":99,"column":null}},"39":{"start":{"line":100,"column":37},"end":{"line":100,"column":null}},"40":{"start":{"line":101,"column":41},"end":{"line":101,"column":null}},"41":{"start":{"line":103,"column":6},"end":{"line":126,"column":null}},"42":{"start":{"line":104,"column":8},"end":{"line":125,"column":null}},"43":{"start":{"line":106,"column":34},"end":{"line":106,"column":null}},"44":{"start":{"line":108,"column":58},"end":{"line":113,"column":null}},"45":{"start":{"line":115,"column":10},"end":{"line":122,"column":null}},"46":{"start":{"line":116,"column":26},"end":{"line":116,"column":null}},"47":{"start":{"line":117,"column":12},"end":{"line":117,"column":null}},"48":{"start":{"line":117,"column":81},"end":{"line":117,"column":null}},"49":{"start":{"line":118,"column":12},"end":{"line":118,"column":null}},"50":{"start":{"line":118,"column":109},"end":{"line":118,"column":null}},"51":{"start":{"line":119,"column":12},"end":{"line":119,"column":null}},"52":{"start":{"line":119,"column":80},"end":{"line":119,"column":null}},"53":{"start":{"line":121,"column":12},"end":{"line":121,"column":null}},"54":{"start":{"line":124,"column":10},"end":{"line":124,"column":null}},"55":{"start":{"line":129,"column":6},"end":{"line":129,"column":null}},"56":{"start":{"line":131,"column":6},"end":{"line":131,"column":null}},"57":{"start":{"line":133,"column":6},"end":{"line":133,"column":null}},"58":{"start":{"line":134,"column":6},"end":{"line":137,"column":null}}},"fnMap":{"0":{"name":"(anonymous_0)","decl":{"start":{"line":16,"column":29},"end":{"line":16,"column":30}},"loc":{"start":{"line":16,"column":62},"end":{"line":21,"column":null}},"line":16},"1":{"name":"(anonymous_1)","decl":{"start":{"line":26,"column":9},"end":{"line":26,"column":19}},"loc":{"start":{"line":26,"column":55},"end":{"line":28,"column":null}},"line":26},"2":{"name":"(anonymous_2)","decl":{"start":{"line":30,"column":15},"end":{"line":30,"column":null}},"loc":{"start":{"line":32,"column":39},"end":{"line":139,"column":null}},"line":32},"3":{"name":"(anonymous_3)","decl":{"start":{"line":54,"column":40},"end":{"line":54,"column":41}},"loc":{"start":{"line":54,"column":48},"end":{"line":54,"column":77}},"line":54},"4":{"name":"(anonymous_4)","decl":{"start":{"line":55,"column":15},"end":{"line":55,"column":16}},"loc":{"start":{"line":55,"column":27},"end":{"line":55,"column":71}},"line":55},"5":{"name":"(anonymous_5)","decl":{"start":{"line":55,"column":41},"end":{"line":55,"column":42}},"loc":{"start":{"line":55,"column":60},"end":{"line":55,"column":70}},"line":55},"6":{"name":"(anonymous_6)","decl":{"start":{"line":57,"column":38},"end":{"line":57,"column":39}},"loc":{"start":{"line":57,"column":46},"end":{"line":57,"column":75}},"line":57},"7":{"name":"(anonymous_7)","decl":{"start":{"line":58,"column":15},"end":{"line":58,"column":16}},"loc":{"start":{"line":58,"column":27},"end":{"line":58,"column":71}},"line":58},"8":{"name":"(anonymous_8)","decl":{"start":{"line":58,"column":41},"end":{"line":58,"column":42}},"loc":{"start":{"line":58,"column":60},"end":{"line":58,"column":70}},"line":58},"9":{"name":"(anonymous_9)","decl":{"start":{"line":62,"column":26},"end":{"line":62,"column":27}},"loc":{"start":{"line":62,"column":34},"end":{"line":62,"column":63}},"line":62},"10":{"name":"(anonymous_10)","decl":{"start":{"line":63,"column":13},"end":{"line":63,"column":14}},"loc":{"start":{"line":63,"column":25},"end":{"line":63,"column":69}},"line":63},"11":{"name":"(anonymous_11)","decl":{"start":{"line":63,"column":39},"end":{"line":63,"column":40}},"loc":{"start":{"line":63,"column":58},"end":{"line":63,"column":68}},"line":63},"12":{"name":"(anonymous_12)","decl":{"start":{"line":70,"column":43},"end":{"line":70,"column":44}},"loc":{"start":{"line":70,"column":51},"end":{"line":74,"column":14}},"line":70},"13":{"name":"(anonymous_13)","decl":{"start":{"line":75,"column":39},"end":{"line":75,"column":40}},"loc":{"start":{"line":75,"column":47},"end":{"line":79,"column":14}},"line":75},"14":{"name":"(anonymous_14)","decl":{"start":{"line":80,"column":37},"end":{"line":80,"column":38}},"loc":{"start":{"line":80,"column":45},"end":{"line":84,"column":14}},"line":80}},"branchMap":{"0":{"loc":{"start":{"line":17,"column":2},"end":{"line":17,"column":null}},"type":"if","locations":[{"start":{"line":17,"column":2},"end":{"line":17,"column":null}},{"start":{},"end":{}}],"line":17},"1":{"loc":{"start":{"line":17,"column":5},"end":{"line":17,"column":55}},"type":"binary-expr","locations":[{"start":{"line":17,"column":5},"end":{"line":17,"column":32}},{"start":{"line":17,"column":32},"end":{"line":17,"column":55}}],"line":17},"2":{"loc":{"start":{"line":18,"column":2},"end":{"line":18,"column":null}},"type":"if","locations":[{"start":{"line":18,"column":2},"end":{"line":18,"column":null}},{"start":{},"end":{}}],"line":18},"3":{"loc":{"start":{"line":18,"column":5},"end":{"line":18,"column":59}},"type":"binary-expr","locations":[{"start":{"line":18,"column":5},"end":{"line":18,"column":33}},{"start":{"line":18,"column":33},"end":{"line":18,"column":59}}],"line":18},"4":{"loc":{"start":{"line":19,"column":2},"end":{"line":19,"column":null}},"type":"if","locations":[{"start":{"line":19,"column":2},"end":{"line":19,"column":null}},{"start":{},"end":{}}],"line":19},"5":{"loc":{"start":{"line":19,"column":5},"end":{"line":19,"column":55}},"type":"binary-expr","locations":[{"start":{"line":19,"column":5},"end":{"line":19,"column":31}},{"start":{"line":19,"column":31},"end":{"line":19,"column":55}}],"line":19},"6":{"loc":{"start":{"line":35,"column":6},"end":{"line":37,"column":null}},"type":"if","locations":[{"start":{"line":35,"column":6},"end":{"line":37,"column":null}},{"start":{},"end":{}}],"line":35},"7":{"loc":{"start":{"line":42,"column":6},"end":{"line":44,"column":null}},"type":"if","locations":[{"start":{"line":42,"column":6},"end":{"line":44,"column":null}},{"start":{},"end":{}}],"line":42},"8":{"loc":{"start":{"line":72,"column":22},"end":{"line":72,"column":null}},"type":"binary-expr","locations":[{"start":{"line":72,"column":22},"end":{"line":72,"column":34}},{"start":{"line":72,"column":34},"end":{"line":72,"column":null}}],"line":72},"9":{"loc":{"start":{"line":77,"column":22},"end":{"line":77,"column":null}},"type":"binary-expr","locations":[{"start":{"line":77,"column":22},"end":{"line":77,"column":34}},{"start":{"line":77,"column":34},"end":{"line":77,"column":null}}],"line":77},"10":{"loc":{"start":{"line":83,"column":22},"end":{"line":83,"column":null}},"type":"binary-expr","locations":[{"start":{"line":83,"column":22},"end":{"line":83,"column":34}},{"start":{"line":83,"column":34},"end":{"line":83,"column":null}}],"line":83},"11":{"loc":{"start":{"line":89,"column":6},"end":{"line":92,"column":null}},"type":"if","locations":[{"start":{"line":89,"column":6},"end":{"line":92,"column":null}},{"start":{},"end":{}}],"line":89},"12":{"loc":{"start":{"line":94,"column":6},"end":{"line":97,"column":null}},"type":"if","locations":[{"start":{"line":94,"column":6},"end":{"line":97,"column":null}},{"start":{},"end":{}}],"line":94},"13":{"loc":{"start":{"line":100,"column":37},"end":{"line":100,"column":null}},"type":"binary-expr","locations":[{"start":{"line":100,"column":37},"end":{"line":100,"column":63}},{"start":{"line":100,"column":63},"end":{"line":100,"column":null}}],"line":100},"14":{"loc":{"start":{"line":115,"column":10},"end":{"line":122,"column":null}},"type":"if","locations":[{"start":{"line":115,"column":10},"end":{"line":122,"column":null}},{"start":{},"end":{}}],"line":115},"15":{"loc":{"start":{"line":115,"column":14},"end":{"line":115,"column":41}},"type":"binary-expr","locations":[{"start":{"line":115,"column":14},"end":{"line":115,"column":30}},{"start":{"line":115,"column":30},"end":{"line":115,"column":41}}],"line":115},"16":{"loc":{"start":{"line":117,"column":12},"end":{"line":117,"column":null}},"type":"if","locations":[{"start":{"line":117,"column":12},"end":{"line":117,"column":null}},{"start":{},"end":{}}],"line":117},"17":{"loc":{"start":{"line":117,"column":15},"end":{"line":117,"column":81}},"type":"binary-expr","locations":[{"start":{"line":117,"column":15},"end":{"line":117,"column":43}},{"start":{"line":117,"column":43},"end":{"line":117,"column":60}},{"start":{"line":117,"column":60},"end":{"line":117,"column":81}}],"line":117},"18":{"loc":{"start":{"line":118,"column":12},"end":{"line":118,"column":null}},"type":"if","locations":[{"start":{"line":118,"column":12},"end":{"line":118,"column":null}},{"start":{},"end":{}}],"line":118},"19":{"loc":{"start":{"line":118,"column":15},"end":{"line":118,"column":109}},"type":"binary-expr","locations":[{"start":{"line":118,"column":15},"end":{"line":118,"column":45}},{"start":{"line":118,"column":45},"end":{"line":118,"column":63}},{"start":{"line":118,"column":63},"end":{"line":118,"column":85}},{"start":{"line":118,"column":85},"end":{"line":118,"column":109}}],"line":118},"20":{"loc":{"start":{"line":119,"column":12},"end":{"line":119,"column":null}},"type":"if","locations":[{"start":{"line":119,"column":12},"end":{"line":119,"column":null}},{"start":{},"end":{}}],"line":119},"21":{"loc":{"start":{"line":119,"column":15},"end":{"line":119,"column":80}},"type":"binary-expr","locations":[{"start":{"line":119,"column":15},"end":{"line":119,"column":42}},{"start":{"line":119,"column":42},"end":{"line":119,"column":59}},{"start":{"line":119,"column":59},"end":{"line":119,"column":80}}],"line":119},"22":{"loc":{"start":{"line":136,"column":15},"end":{"line":136,"column":null}},"type":"cond-expr","locations":[{"start":{"line":136,"column":40},"end":{"line":136,"column":56}},{"start":{"line":136,"column":56},"end":{"line":136,"column":null}}],"line":136}},"s":{"0":1,"1":3,"2":1,"3":2,"4":0,"5":2,"6":0,"7":2,"8":1,"9":1,"10":7,"11":7,"12":1,"13":6,"14":6,"15":1,"16":5,"17":5,"18":10,"19":5,"20":10,"21":10,"22":5,"23":10,"24":5,"25":5,"26":10,"27":5,"28":10,"29":5,"30":10,"31":10,"32":10,"33":5,"34":1,"35":1,"36":4,"37":1,"38":3,"39":3,"40":7,"41":7,"42":3,"43":3,"44":3,"45":3,"46":3,"47":3,"48":1,"49":2,"50":0,"51":2,"52":0,"53":2,"54":0,"55":3,"56":3,"57":2,"58":2},"f":{"0":3,"1":1,"2":1,"3":10,"4":5,"5":10,"6":10,"7":5,"8":10,"9":10,"10":5,"11":10,"12":10,"13":10,"14":10},"b":{"0":[1,2],"1":[3,2],"2":[0,2],"3":[2,2],"4":[0,2],"5":[2,2],"6":[1,6],"7":[1,5],"8":[10,0],"9":[10,0],"10":[10,0],"11":[1,4],"12":[1,3],"13":[3,0],"14":[3,0],"15":[3,3],"16":[1,2],"17":[3,1,1],"18":[0,2],"19":[2,0,0,0],"20":[0,2],"21":[2,0,0],"22":[1,1]},"meta":{"lastBranch":23,"lastFunction":15,"lastStatement":59,"seen":{"s:16:29:21:Infinity":0,"f:16:29:16:30":0,"b:17:2:17:Infinity:undefined:undefined:undefined:undefined":0,"s:17:2:17:Infinity":1,"b:17:5:17:32:17:32:17:55":1,"s:17:55:17:Infinity":2,"b:18:2:18:Infinity:undefined:undefined:undefined:undefined":2,"s:18:2:18:Infinity":3,"b:18:5:18:33:18:33:18:59":3,"s:18:59:18:Infinity":4,"b:19:2:19:Infinity:undefined:undefined:undefined:undefined":4,"s:19:2:19:Infinity":5,"b:19:5:19:31:19:31:19:55":5,"s:19:55:19:Infinity":6,"s:20:2:20:Infinity":7,"s:24:25:24:Infinity":8,"f:26:9:26:19":1,"s:27:4:27:Infinity":9,"f:30:15:30:Infinity":2,"s:33:4:138:Infinity":10,"b:35:6:37:Infinity:undefined:undefined:undefined:undefined":6,"s:35:6:37:Infinity":11,"s:36:8:36:Infinity":12,"s:41:10:41:Infinity":13,"b:42:6:44:Infinity:undefined:undefined:undefined:undefined":7,"s:42:6:44:Infinity":14,"s:43:8:43:Infinity":15,"s:46:50:50:Infinity":16,"s:52:47:59:Infinity":17,"f:54:40:54:41":3,"s:54:48:54:77":18,"f:55:15:55:16":4,"s:55:27:55:71":19,"f:55:41:55:42":5,"s:55:60:55:70":20,"f:57:38:57:39":6,"s:57:46:57:75":21,"f:58:15:58:16":7,"s:58:27:58:71":22,"f:58:41:58:42":8,"s:58:60:58:70":23,"s:60:28:60:Infinity":24,"s:61:26:63:Infinity":25,"f:62:26:62:27":9,"s:62:34:62:63":26,"f:63:13:63:14":10,"s:63:25:63:69":27,"f:63:39:63:40":11,"s:63:58:63:68":28,"s:65:30:87:Infinity":29,"f:70:43:70:44":12,"s:70:51:74:14":30,"b:72:22:72:34:72:34:72:Infinity":8,"f:75:39:75:40":13,"s:75:47:79:14":31,"b:77:22:77:34:77:34:77:Infinity":9,"f:80:37:80:38":14,"s:80:45:84:14":32,"b:83:22:83:34:83:34:83:Infinity":10,"b:89:6:92:Infinity:undefined:undefined:undefined:undefined":11,"s:89:6:92:Infinity":33,"s:90:8:90:Infinity":34,"s:91:8:91:Infinity":35,"b:94:6:97:Infinity:undefined:undefined:undefined:undefined":12,"s:94:6:97:Infinity":36,"s:95:8:95:Infinity":37,"s:99:27:99:Infinity":38,"s:100:37:100:Infinity":39,"b:100:37:100:63:100:63:100:Infinity":13,"s:101:41:101:Infinity":40,"s:103:6:126:Infinity":41,"s:104:8:125:Infinity":42,"s:106:34:106:Infinity":43,"s:108:58:113:Infinity":44,"b:115:10:122:Infinity:undefined:undefined:undefined:undefined":14,"s:115:10:122:Infinity":45,"b:115:14:115:30:115:30:115:41":15,"s:116:26:116:Infinity":46,"b:117:12:117:Infinity:undefined:undefined:undefined:undefined":16,"s:117:12:117:Infinity":47,"b:117:15:117:43:117:43:117:60:117:60:117:81":17,"s:117:81:117:Infinity":48,"b:118:12:118:Infinity:undefined:undefined:undefined:undefined":18,"s:118:12:118:Infinity":49,"b:118:15:118:45:118:45:118:63:118:63:118:85:118:85:118:109":19,"s:118:109:118:Infinity":50,"b:119:12:119:Infinity:undefined:undefined:undefined:undefined":20,"s:119:12:119:Infinity":51,"b:119:15:119:42:119:42:119:59:119:59:119:80":21,"s:119:80:119:Infinity":52,"s:121:12:121:Infinity":53,"s:124:10:124:Infinity":54,"s:129:6:129:Infinity":55,"s:131:6:131:Infinity":56,"s:133:6:133:Infinity":57,"s:134:6:137:Infinity":58,"b:136:40:136:56:136:56:136:Infinity":22}}}
,"/Users/leventberkkaratas/film-kompass-react/src/services/friendService.ts": {"path":"/Users/leventberkkaratas/film-kompass-react/src/services/friendService.ts","statementMap":{"0":{"start":{"line":3,"column":29},"end":{"line":92,"column":null}},"1":{"start":{"line":6,"column":32},"end":{"line":10,"column":null}},"2":{"start":{"line":12,"column":8},"end":{"line":12,"column":null}},"3":{"start":{"line":12,"column":19},"end":{"line":12,"column":null}},"4":{"start":{"line":14,"column":8},"end":{"line":18,"column":null}},"5":{"start":{"line":14,"column":30},"end":{"line":18,"column":10}},"6":{"start":{"line":23,"column":32},"end":{"line":27,"column":null}},"7":{"start":{"line":29,"column":8},"end":{"line":29,"column":null}},"8":{"start":{"line":29,"column":19},"end":{"line":29,"column":null}},"9":{"start":{"line":30,"column":8},"end":{"line":30,"column":null}},"10":{"start":{"line":35,"column":25},"end":{"line":39,"column":null}},"11":{"start":{"line":41,"column":8},"end":{"line":41,"column":null}},"12":{"start":{"line":41,"column":18},"end":{"line":41,"column":null}},"13":{"start":{"line":43,"column":26},"end":{"line":45,"column":null}},"14":{"start":{"line":47,"column":8},"end":{"line":47,"column":null}},"15":{"start":{"line":47,"column":19},"end":{"line":47,"column":null}},"16":{"start":{"line":52,"column":26},"end":{"line":57,"column":null}},"17":{"start":{"line":59,"column":8},"end":{"line":59,"column":null}},"18":{"start":{"line":59,"column":19},"end":{"line":59,"column":null}},"19":{"start":{"line":64,"column":25},"end":{"line":68,"column":null}},"20":{"start":{"line":70,"column":8},"end":{"line":70,"column":null}},"21":{"start":{"line":77,"column":26},"end":{"line":77,"column":null}},"22":{"start":{"line":78,"column":8},"end":{"line":78,"column":null}},"23":{"start":{"line":78,"column":19},"end":{"line":78,"column":null}},"24":{"start":{"line":83,"column":26},"end":{"line":83,"column":null}},"25":{"start":{"line":84,"column":8},"end":{"line":84,"column":null}},"26":{"start":{"line":84,"column":19},"end":{"line":84,"column":null}},"27":{"start":{"line":89,"column":26},"end":{"line":89,"column":null}},"28":{"start":{"line":90,"column":8},"end":{"line":90,"column":null}},"29":{"start":{"line":90,"column":19},"end":{"line":90,"column":null}}},"fnMap":{"0":{"name":"(anonymous_0)","decl":{"start":{"line":5,"column":10},"end":{"line":5,"column":21}},"loc":{"start":{"line":5,"column":37},"end":{"line":19,"column":null}},"line":5},"1":{"name":"(anonymous_1)","decl":{"start":{"line":14,"column":24},"end":{"line":14,"column":30}},"loc":{"start":{"line":14,"column":30},"end":{"line":18,"column":10}},"line":14},"2":{"name":"(anonymous_2)","decl":{"start":{"line":22,"column":10},"end":{"line":22,"column":30}},"loc":{"start":{"line":22,"column":46},"end":{"line":31,"column":null}},"line":22},"3":{"name":"(anonymous_3)","decl":{"start":{"line":34,"column":10},"end":{"line":34,"column":28}},"loc":{"start":{"line":34,"column":66},"end":{"line":48,"column":null}},"line":34},"4":{"name":"(anonymous_4)","decl":{"start":{"line":51,"column":10},"end":{"line":51,"column":30}},"loc":{"start":{"line":51,"column":68},"end":{"line":60,"column":null}},"line":51},"5":{"name":"(anonymous_5)","decl":{"start":{"line":63,"column":10},"end":{"line":63,"column":32}},"loc":{"start":{"line":63,"column":77},"end":{"line":71,"column":null}},"line":63},"6":{"name":"(anonymous_6)","decl":{"start":{"line":76,"column":10},"end":{"line":76,"column":30}},"loc":{"start":{"line":76,"column":73},"end":{"line":79,"column":null}},"line":76},"7":{"name":"(anonymous_7)","decl":{"start":{"line":82,"column":10},"end":{"line":82,"column":30}},"loc":{"start":{"line":82,"column":52},"end":{"line":85,"column":null}},"line":82},"8":{"name":"(anonymous_8)","decl":{"start":{"line":88,"column":10},"end":{"line":88,"column":23}},"loc":{"start":{"line":88,"column":45},"end":{"line":91,"column":null}},"line":88}},"branchMap":{"0":{"loc":{"start":{"line":12,"column":8},"end":{"line":12,"column":null}},"type":"if","locations":[{"start":{"line":12,"column":8},"end":{"line":12,"column":null}},{"start":{},"end":{}}],"line":12},"1":{"loc":{"start":{"line":16,"column":20},"end":{"line":16,"column":null}},"type":"cond-expr","locations":[{"start":{"line":16,"column":45},"end":{"line":16,"column":58}},{"start":{"line":16,"column":58},"end":{"line":16,"column":null}}],"line":16},"2":{"loc":{"start":{"line":17,"column":25},"end":{"line":17,"column":null}},"type":"cond-expr","locations":[{"start":{"line":17,"column":50},"end":{"line":17,"column":66}},{"start":{"line":17,"column":66},"end":{"line":17,"column":null}}],"line":17},"3":{"loc":{"start":{"line":29,"column":8},"end":{"line":29,"column":null}},"type":"if","locations":[{"start":{"line":29,"column":8},"end":{"line":29,"column":null}},{"start":{},"end":{}}],"line":29},"4":{"loc":{"start":{"line":41,"column":8},"end":{"line":41,"column":null}},"type":"if","locations":[{"start":{"line":41,"column":8},"end":{"line":41,"column":null}},{"start":{},"end":{}}],"line":41},"5":{"loc":{"start":{"line":47,"column":8},"end":{"line":47,"column":null}},"type":"if","locations":[{"start":{"line":47,"column":8},"end":{"line":47,"column":null}},{"start":{},"end":{}}],"line":47},"6":{"loc":{"start":{"line":59,"column":8},"end":{"line":59,"column":null}},"type":"if","locations":[{"start":{"line":59,"column":8},"end":{"line":59,"column":null}},{"start":{},"end":{}}],"line":59},"7":{"loc":{"start":{"line":70,"column":15},"end":{"line":70,"column":null}},"type":"cond-expr","locations":[{"start":{"line":70,"column":22},"end":{"line":70,"column":36}},{"start":{"line":70,"column":36},"end":{"line":70,"column":null}}],"line":70},"8":{"loc":{"start":{"line":78,"column":8},"end":{"line":78,"column":null}},"type":"if","locations":[{"start":{"line":78,"column":8},"end":{"line":78,"column":null}},{"start":{},"end":{}}],"line":78},"9":{"loc":{"start":{"line":84,"column":8},"end":{"line":84,"column":null}},"type":"if","locations":[{"start":{"line":84,"column":8},"end":{"line":84,"column":null}},{"start":{},"end":{}}],"line":84},"10":{"loc":{"start":{"line":90,"column":8},"end":{"line":90,"column":null}},"type":"if","locations":[{"start":{"line":90,"column":8},"end":{"line":90,"column":null}},{"start":{},"end":{}}],"line":90}},"s":{"0":1,"1":2,"2":2,"3":0,"4":2,"5":1,"6":2,"7":2,"8":1,"9":1,"10":1,"11":1,"12":1,"13":0,"14":0,"15":0,"16":0,"17":0,"18":0,"19":2,"20":2,"21":2,"22":2,"23":1,"24":1,"25":1,"26":0,"27":1,"28":1,"29":0},"f":{"0":2,"1":1,"2":2,"3":1,"4":0,"5":2,"6":2,"7":1,"8":1},"b":{"0":[0,2],"1":[1,0],"2":[1,0],"3":[1,1],"4":[1,0],"5":[0,0],"6":[0,0],"7":[1,1],"8":[1,1],"9":[0,1],"10":[0,1]},"meta":{"lastBranch":11,"lastFunction":9,"lastStatement":30,"seen":{"s:3:29:92:Infinity":0,"f:5:10:5:21":0,"s:6:32:10:Infinity":1,"b:12:8:12:Infinity:undefined:undefined:undefined:undefined":0,"s:12:8:12:Infinity":2,"s:12:19:12:Infinity":3,"s:14:8:18:Infinity":4,"f:14:24:14:30":1,"s:14:30:18:10":5,"b:16:45:16:58:16:58:16:Infinity":1,"b:17:50:17:66:17:66:17:Infinity":2,"f:22:10:22:30":2,"s:23:32:27:Infinity":6,"b:29:8:29:Infinity:undefined:undefined:undefined:undefined":3,"s:29:8:29:Infinity":7,"s:29:19:29:Infinity":8,"s:30:8:30:Infinity":9,"f:34:10:34:28":3,"s:35:25:39:Infinity":10,"b:41:8:41:Infinity:undefined:undefined:undefined:undefined":4,"s:41:8:41:Infinity":11,"s:41:18:41:Infinity":12,"s:43:26:45:Infinity":13,"b:47:8:47:Infinity:undefined:undefined:undefined:undefined":5,"s:47:8:47:Infinity":14,"s:47:19:47:Infinity":15,"f:51:10:51:30":4,"s:52:26:57:Infinity":16,"b:59:8:59:Infinity:undefined:undefined:undefined:undefined":6,"s:59:8:59:Infinity":17,"s:59:19:59:Infinity":18,"f:63:10:63:32":5,"s:64:25:68:Infinity":19,"s:70:8:70:Infinity":20,"b:70:22:70:36:70:36:70:Infinity":7,"f:76:10:76:30":6,"s:77:26:77:Infinity":21,"b:78:8:78:Infinity:undefined:undefined:undefined:undefined":8,"s:78:8:78:Infinity":22,"s:78:19:78:Infinity":23,"f:82:10:82:30":7,"s:83:26:83:Infinity":24,"b:84:8:84:Infinity:undefined:undefined:undefined:undefined":9,"s:84:8:84:Infinity":25,"s:84:19:84:Infinity":26,"f:88:10:88:23":8,"s:89:26:89:Infinity":27,"b:90:8:90:Infinity:undefined:undefined:undefined:undefined":10,"s:90:8:90:Infinity":28,"s:90:19:90:Infinity":29}}}
,"/Users/leventberkkaratas/film-kompass-react/src/services/listService.ts": {"path":"/Users/leventberkkaratas/film-kompass-react/src/services/listService.ts","statementMap":{"0":{"start":{"line":4,"column":27},"end":{"line":166,"column":null}},"1":{"start":{"line":8,"column":8},"end":{"line":8,"column":null}},"2":{"start":{"line":9,"column":4},"end":{"line":9,"column":null}},"3":{"start":{"line":9,"column":15},"end":{"line":9,"column":null}},"4":{"start":{"line":11,"column":28},"end":{"line":15,"column":null}},"5":{"start":{"line":17,"column":4},"end":{"line":17,"column":null}},"6":{"start":{"line":17,"column":15},"end":{"line":17,"column":null}},"7":{"start":{"line":18,"column":4},"end":{"line":18,"column":null}},"8":{"start":{"line":24,"column":8},"end":{"line":24,"column":null}},"9":{"start":{"line":25,"column":4},"end":{"line":25,"column":null}},"10":{"start":{"line":25,"column":15},"end":{"line":25,"column":null}},"11":{"start":{"line":27,"column":30},"end":{"line":30,"column":null}},"12":{"start":{"line":32,"column":35},"end":{"line":35,"column":null}},"13":{"start":{"line":38,"column":6},"end":{"line":41,"column":null}},"14":{"start":{"line":38,"column":40},"end":{"line":41,"column":8}},"15":{"start":{"line":43,"column":4},"end":{"line":43,"column":null}},"16":{"start":{"line":49,"column":8},"end":{"line":49,"column":null}},"17":{"start":{"line":50,"column":4},"end":{"line":50,"column":null}},"18":{"start":{"line":50,"column":15},"end":{"line":50,"column":null}},"19":{"start":{"line":52,"column":22},"end":{"line":54,"column":null}},"20":{"start":{"line":56,"column":4},"end":{"line":56,"column":null}},"21":{"start":{"line":56,"column":15},"end":{"line":56,"column":null}},"22":{"start":{"line":60,"column":4},"end":{"line":60,"column":null}},"23":{"start":{"line":62,"column":22},"end":{"line":64,"column":null}},"24":{"start":{"line":66,"column":4},"end":{"line":66,"column":null}},"25":{"start":{"line":66,"column":15},"end":{"line":66,"column":null}},"26":{"start":{"line":69,"column":28},"end":{"line":73,"column":null}},"27":{"start":{"line":75,"column":4},"end":{"line":75,"column":null}},"28":{"start":{"line":75,"column":15},"end":{"line":75,"column":null}},"29":{"start":{"line":76,"column":4},"end":{"line":76,"column":null}},"30":{"start":{"line":82,"column":8},"end":{"line":82,"column":null}},"31":{"start":{"line":83,"column":4},"end":{"line":83,"column":null}},"32":{"start":{"line":83,"column":15},"end":{"line":83,"column":null}},"33":{"start":{"line":86,"column":49},"end":{"line":90,"column":null}},"34":{"start":{"line":92,"column":4},"end":{"line":92,"column":null}},"35":{"start":{"line":92,"column":18},"end":{"line":92,"column":null}},"36":{"start":{"line":94,"column":15},"end":{"line":94,"column":null}},"37":{"start":{"line":97,"column":4},"end":{"line":108,"column":null}},"38":{"start":{"line":98,"column":52},"end":{"line":103,"column":null}},"39":{"start":{"line":105,"column":6},"end":{"line":105,"column":null}},"40":{"start":{"line":105,"column":21},"end":{"line":105,"column":null}},"41":{"start":{"line":107,"column":6},"end":{"line":107,"column":null}},"42":{"start":{"line":111,"column":4},"end":{"line":113,"column":null}},"43":{"start":{"line":112,"column":6},"end":{"line":112,"column":null}},"44":{"start":{"line":116,"column":45},"end":{"line":120,"column":null}},"45":{"start":{"line":122,"column":4},"end":{"line":122,"column":null}},"46":{"start":{"line":122,"column":18},"end":{"line":122,"column":null}},"47":{"start":{"line":124,"column":4},"end":{"line":124,"column":null}},"48":{"start":{"line":130,"column":8},"end":{"line":130,"column":null}},"49":{"start":{"line":131,"column":4},"end":{"line":131,"column":null}},"50":{"start":{"line":131,"column":15},"end":{"line":131,"column":null}},"51":{"start":{"line":134,"column":43},"end":{"line":138,"column":null}},"52":{"start":{"line":140,"column":4},"end":{"line":140,"column":null}},"53":{"start":{"line":140,"column":17},"end":{"line":140,"column":null}},"54":{"start":{"line":141,"column":4},"end":{"line":142,"column":null}},"55":{"start":{"line":142,"column":6},"end":{"line":142,"column":null}},"56":{"start":{"line":145,"column":32},"end":{"line":148,"column":null}},"57":{"start":{"line":149,"column":4},"end":{"line":149,"column":null}},"58":{"start":{"line":149,"column":18},"end":{"line":149,"column":null}},"59":{"start":{"line":151,"column":33},"end":{"line":154,"column":null}},"60":{"start":{"line":155,"column":4},"end":{"line":155,"column":null}},"61":{"start":{"line":155,"column":19},"end":{"line":155,"column":null}},"62":{"start":{"line":158,"column":30},"end":{"line":161,"column":null}},"63":{"start":{"line":162,"column":4},"end":{"line":162,"column":null}},"64":{"start":{"line":162,"column":16},"end":{"line":162,"column":null}},"65":{"start":{"line":164,"column":4},"end":{"line":164,"column":null}}},"fnMap":{"0":{"name":"(anonymous_0)","decl":{"start":{"line":5,"column":8},"end":{"line":5,"column":19}},"loc":{"start":{"line":5,"column":34},"end":{"line":19,"column":null}},"line":5},"1":{"name":"(anonymous_1)","decl":{"start":{"line":21,"column":8},"end":{"line":21,"column":21}},"loc":{"start":{"line":21,"column":21},"end":{"line":44,"column":null}},"line":21},"2":{"name":"(anonymous_2)","decl":{"start":{"line":38,"column":24},"end":{"line":38,"column":25}},"loc":{"start":{"line":38,"column":40},"end":{"line":41,"column":8}},"line":38},"3":{"name":"(anonymous_3)","decl":{"start":{"line":46,"column":8},"end":{"line":46,"column":23}},"loc":{"start":{"line":46,"column":56},"end":{"line":57,"column":null}},"line":46},"4":{"name":"(anonymous_4)","decl":{"start":{"line":59,"column":8},"end":{"line":59,"column":24}},"loc":{"start":{"line":59,"column":58},"end":{"line":67,"column":null}},"line":59},"5":{"name":"(anonymous_5)","decl":{"start":{"line":68,"column":8},"end":{"line":68,"column":27}},"loc":{"start":{"line":68,"column":45},"end":{"line":77,"column":null}},"line":68},"6":{"name":"(anonymous_6)","decl":{"start":{"line":79,"column":8},"end":{"line":79,"column":23}},"loc":{"start":{"line":79,"column":39},"end":{"line":125,"column":null}},"line":79},"7":{"name":"(anonymous_7)","decl":{"start":{"line":127,"column":8},"end":{"line":127,"column":19}},"loc":{"start":{"line":127,"column":35},"end":{"line":165,"column":null}},"line":127}},"branchMap":{"0":{"loc":{"start":{"line":9,"column":4},"end":{"line":9,"column":null}},"type":"if","locations":[{"start":{"line":9,"column":4},"end":{"line":9,"column":null}},{"start":{},"end":{}}],"line":9},"1":{"loc":{"start":{"line":17,"column":4},"end":{"line":17,"column":null}},"type":"if","locations":[{"start":{"line":17,"column":4},"end":{"line":17,"column":null}},{"start":{},"end":{}}],"line":17},"2":{"loc":{"start":{"line":25,"column":4},"end":{"line":25,"column":null}},"type":"if","locations":[{"start":{"line":25,"column":4},"end":{"line":25,"column":null}},{"start":{},"end":{}}],"line":25},"3":{"loc":{"start":{"line":38,"column":6},"end":{"line":41,"column":null}},"type":"binary-expr","locations":[{"start":{"line":38,"column":6},"end":{"line":41,"column":13}},{"start":{"line":41,"column":13},"end":{"line":41,"column":null}}],"line":38},"4":{"loc":{"start":{"line":43,"column":16},"end":{"line":43,"column":32}},"type":"binary-expr","locations":[{"start":{"line":43,"column":16},"end":{"line":43,"column":27}},{"start":{"line":43,"column":27},"end":{"line":43,"column":32}}],"line":43},"5":{"loc":{"start":{"line":50,"column":4},"end":{"line":50,"column":null}},"type":"if","locations":[{"start":{"line":50,"column":4},"end":{"line":50,"column":null}},{"start":{},"end":{}}],"line":50},"6":{"loc":{"start":{"line":56,"column":4},"end":{"line":56,"column":null}},"type":"if","locations":[{"start":{"line":56,"column":4},"end":{"line":56,"column":null}},{"start":{},"end":{}}],"line":56},"7":{"loc":{"start":{"line":66,"column":4},"end":{"line":66,"column":null}},"type":"if","locations":[{"start":{"line":66,"column":4},"end":{"line":66,"column":null}},{"start":{},"end":{}}],"line":66},"8":{"loc":{"start":{"line":75,"column":4},"end":{"line":75,"column":null}},"type":"if","locations":[{"start":{"line":75,"column":4},"end":{"line":75,"column":null}},{"start":{},"end":{}}],"line":75},"9":{"loc":{"start":{"line":83,"column":4},"end":{"line":83,"column":null}},"type":"if","locations":[{"start":{"line":83,"column":4},"end":{"line":83,"column":null}},{"start":{},"end":{}}],"line":83},"10":{"loc":{"start":{"line":92,"column":4},"end":{"line":92,"column":null}},"type":"if","locations":[{"start":{"line":92,"column":4},"end":{"line":92,"column":null}},{"start":{},"end":{}}],"line":92},"11":{"loc":{"start":{"line":97,"column":4},"end":{"line":108,"column":null}},"type":"if","locations":[{"start":{"line":97,"column":4},"end":{"line":108,"column":null}},{"start":{},"end":{}}],"line":97},"12":{"loc":{"start":{"line":105,"column":6},"end":{"line":105,"column":null}},"type":"if","locations":[{"start":{"line":105,"column":6},"end":{"line":105,"column":null}},{"start":{},"end":{}}],"line":105},"13":{"loc":{"start":{"line":107,"column":14},"end":{"line":107,"column":null}},"type":"binary-expr","locations":[{"start":{"line":107,"column":14},"end":{"line":107,"column":42}},{"start":{"line":107,"column":42},"end":{"line":107,"column":null}}],"line":107},"14":{"loc":{"start":{"line":111,"column":4},"end":{"line":113,"column":null}},"type":"if","locations":[{"start":{"line":111,"column":4},"end":{"line":113,"column":null}},{"start":{},"end":{}}],"line":111},"15":{"loc":{"start":{"line":122,"column":4},"end":{"line":122,"column":null}},"type":"if","locations":[{"start":{"line":122,"column":4},"end":{"line":122,"column":null}},{"start":{},"end":{}}],"line":122},"16":{"loc":{"start":{"line":124,"column":26},"end":{"line":124,"column":38}},"type":"binary-expr","locations":[{"start":{"line":124,"column":26},"end":{"line":124,"column":35}},{"start":{"line":124,"column":35},"end":{"line":124,"column":38}}],"line":124},"17":{"loc":{"start":{"line":131,"column":4},"end":{"line":131,"column":null}},"type":"if","locations":[{"start":{"line":131,"column":4},"end":{"line":131,"column":null}},{"start":{},"end":{}}],"line":131},"18":{"loc":{"start":{"line":140,"column":4},"end":{"line":140,"column":null}},"type":"if","locations":[{"start":{"line":140,"column":4},"end":{"line":140,"column":null}},{"start":{},"end":{}}],"line":140},"19":{"loc":{"start":{"line":141,"column":4},"end":{"line":142,"column":null}},"type":"if","locations":[{"start":{"line":141,"column":4},"end":{"line":142,"column":null}},{"start":{},"end":{}}],"line":141},"20":{"loc":{"start":{"line":149,"column":4},"end":{"line":149,"column":null}},"type":"if","locations":[{"start":{"line":149,"column":4},"end":{"line":149,"column":null}},{"start":{},"end":{}}],"line":149},"21":{"loc":{"start":{"line":155,"column":4},"end":{"line":155,"column":null}},"type":"if","locations":[{"start":{"line":155,"column":4},"end":{"line":155,"column":null}},{"start":{},"end":{}}],"line":155},"22":{"loc":{"start":{"line":162,"column":4},"end":{"line":162,"column":null}},"type":"if","locations":[{"start":{"line":162,"column":4},"end":{"line":162,"column":null}},{"start":{},"end":{}}],"line":162}},"s":{"0":1,"1":3,"2":3,"3":1,"4":2,"5":2,"6":1,"7":1,"8":2,"9":2,"10":1,"11":1,"12":1,"13":1,"14":1,"15":2,"16":3,"17":3,"18":1,"19":2,"20":2,"21":1,"22":2,"23":2,"24":2,"25":1,"26":2,"27":2,"28":1,"29":1,"30":0,"31":0,"32":0,"33":0,"34":0,"35":0,"36":0,"37":0,"38":0,"39":0,"40":0,"41":0,"42":0,"43":0,"44":0,"45":0,"46":0,"47":0,"48":2,"49":2,"50":0,"51":2,"52":2,"53":0,"54":2,"55":1,"56":1,"57":1,"58":0,"59":1,"60":1,"61":0,"62":1,"63":1,"64":0,"65":1},"f":{"0":3,"1":2,"2":1,"3":3,"4":2,"5":2,"6":0,"7":2},"b":{"0":[1,2],"1":[1,1],"2":[1,1],"3":[1,0],"4":[2,0],"5":[1,2],"6":[1,1],"7":[1,1],"8":[1,1],"9":[0,0],"10":[0,0],"11":[0,0],"12":[0,0],"13":[0,0],"14":[0,0],"15":[0,0],"16":[0,0],"17":[0,2],"18":[0,2],"19":[1,1],"20":[0,1],"21":[0,1],"22":[0,1]},"meta":{"lastBranch":23,"lastFunction":8,"lastStatement":66,"seen":{"s:4:27:166:Infinity":0,"f:5:8:5:19":0,"s:8:8:8:Infinity":1,"b:9:4:9:Infinity:undefined:undefined:undefined:undefined":0,"s:9:4:9:Infinity":2,"s:9:15:9:Infinity":3,"s:11:28:15:Infinity":4,"b:17:4:17:Infinity:undefined:undefined:undefined:undefined":1,"s:17:4:17:Infinity":5,"s:17:15:17:Infinity":6,"s:18:4:18:Infinity":7,"f:21:8:21:21":1,"s:24:8:24:Infinity":8,"b:25:4:25:Infinity:undefined:undefined:undefined:undefined":2,"s:25:4:25:Infinity":9,"s:25:15:25:Infinity":10,"s:27:30:30:Infinity":11,"s:32:35:35:Infinity":12,"s:38:6:41:Infinity":13,"b:38:6:41:13:41:13:41:Infinity":3,"f:38:24:38:25":2,"s:38:40:41:8":14,"s:43:4:43:Infinity":15,"b:43:16:43:27:43:27:43:32":4,"f:46:8:46:23":3,"s:49:8:49:Infinity":16,"b:50:4:50:Infinity:undefined:undefined:undefined:undefined":5,"s:50:4:50:Infinity":17,"s:50:15:50:Infinity":18,"s:52:22:54:Infinity":19,"b:56:4:56:Infinity:undefined:undefined:undefined:undefined":6,"s:56:4:56:Infinity":20,"s:56:15:56:Infinity":21,"f:59:8:59:24":4,"s:60:4:60:Infinity":22,"s:62:22:64:Infinity":23,"b:66:4:66:Infinity:undefined:undefined:undefined:undefined":7,"s:66:4:66:Infinity":24,"s:66:15:66:Infinity":25,"f:68:8:68:27":5,"s:69:28:73:Infinity":26,"b:75:4:75:Infinity:undefined:undefined:undefined:undefined":8,"s:75:4:75:Infinity":27,"s:75:15:75:Infinity":28,"s:76:4:76:Infinity":29,"f:79:8:79:23":6,"s:82:8:82:Infinity":30,"b:83:4:83:Infinity:undefined:undefined:undefined:undefined":9,"s:83:4:83:Infinity":31,"s:83:15:83:Infinity":32,"s:86:49:90:Infinity":33,"b:92:4:92:Infinity:undefined:undefined:undefined:undefined":10,"s:92:4:92:Infinity":34,"s:92:18:92:Infinity":35,"s:94:15:94:Infinity":36,"b:97:4:108:Infinity:undefined:undefined:undefined:undefined":11,"s:97:4:108:Infinity":37,"s:98:52:103:Infinity":38,"b:105:6:105:Infinity:undefined:undefined:undefined:undefined":12,"s:105:6:105:Infinity":39,"s:105:21:105:Infinity":40,"s:107:6:107:Infinity":41,"b:107:14:107:42:107:42:107:Infinity":13,"b:111:4:113:Infinity:undefined:undefined:undefined:undefined":14,"s:111:4:113:Infinity":42,"s:112:6:112:Infinity":43,"s:116:45:120:Infinity":44,"b:122:4:122:Infinity:undefined:undefined:undefined:undefined":15,"s:122:4:122:Infinity":45,"s:122:18:122:Infinity":46,"s:124:4:124:Infinity":47,"b:124:26:124:35:124:35:124:38":16,"f:127:8:127:19":7,"s:130:8:130:Infinity":48,"b:131:4:131:Infinity:undefined:undefined:undefined:undefined":17,"s:131:4:131:Infinity":49,"s:131:15:131:Infinity":50,"s:134:43:138:Infinity":51,"b:140:4:140:Infinity:undefined:undefined:undefined:undefined":18,"s:140:4:140:Infinity":52,"s:140:17:140:Infinity":53,"b:141:4:142:Infinity:undefined:undefined:undefined:undefined":19,"s:141:4:142:Infinity":54,"s:142:6:142:Infinity":55,"s:145:32:148:Infinity":56,"b:149:4:149:Infinity:undefined:undefined:undefined:undefined":20,"s:149:4:149:Infinity":57,"s:149:18:149:Infinity":58,"s:151:33:154:Infinity":59,"b:155:4:155:Infinity:undefined:undefined:undefined:undefined":21,"s:155:4:155:Infinity":60,"s:155:19:155:Infinity":61,"s:158:30:161:Infinity":62,"b:162:4:162:Infinity:undefined:undefined:undefined:undefined":22,"s:162:4:162:Infinity":63,"s:162:16:162:Infinity":64,"s:164:4:164:Infinity":65}}}
,"/Users/leventberkkaratas/film-kompass-react/src/utils/movieUtils.ts": {"path":"/Users/leventberkkaratas/film-kompass-react/src/utils/movieUtils.ts","statementMap":{"0":{"start":{"line":10,"column":29},"end":{"line":15,"column":null}},"1":{"start":{"line":11,"column":2},"end":{"line":11,"column":null}},"2":{"start":{"line":11,"column":63},"end":{"line":11,"column":null}},"3":{"start":{"line":12,"column":16},"end":{"line":12,"column":null}},"4":{"start":{"line":13,"column":15},"end":{"line":13,"column":null}},"5":{"start":{"line":14,"column":2},"end":{"line":14,"column":null}},"6":{"start":{"line":22,"column":26},"end":{"line":25,"column":null}},"7":{"start":{"line":23,"column":2},"end":{"line":23,"column":null}},"8":{"start":{"line":23,"column":19},"end":{"line":23,"column":null}},"9":{"start":{"line":24,"column":2},"end":{"line":24,"column":null}},"10":{"start":{"line":32,"column":30},"end":{"line":38,"column":null}},"11":{"start":{"line":33,"column":2},"end":{"line":33,"column":null}},"12":{"start":{"line":33,"column":15},"end":{"line":33,"column":null}},"13":{"start":{"line":34,"column":2},"end":{"line":34,"column":null}},"14":{"start":{"line":34,"column":19},"end":{"line":34,"column":null}},"15":{"start":{"line":35,"column":2},"end":{"line":35,"column":null}},"16":{"start":{"line":35,"column":19},"end":{"line":35,"column":null}},"17":{"start":{"line":36,"column":2},"end":{"line":36,"column":null}},"18":{"start":{"line":36,"column":19},"end":{"line":36,"column":null}},"19":{"start":{"line":37,"column":2},"end":{"line":37,"column":null}}},"fnMap":{"0":{"name":"(anonymous_0)","decl":{"start":{"line":10,"column":29},"end":{"line":10,"column":30}},"loc":{"start":{"line":10,"column":65},"end":{"line":15,"column":null}},"line":10},"1":{"name":"(anonymous_1)","decl":{"start":{"line":22,"column":26},"end":{"line":22,"column":27}},"loc":{"start":{"line":22,"column":74},"end":{"line":25,"column":null}},"line":22},"2":{"name":"(anonymous_2)","decl":{"start":{"line":32,"column":30},"end":{"line":32,"column":31}},"loc":{"start":{"line":32,"column":65},"end":{"line":38,"column":null}},"line":32}},"branchMap":{"0":{"loc":{"start":{"line":11,"column":2},"end":{"line":11,"column":null}},"type":"if","locations":[{"start":{"line":11,"column":2},"end":{"line":11,"column":null}},{"start":{},"end":{}}],"line":11},"1":{"loc":{"start":{"line":11,"column":6},"end":{"line":11,"column":63}},"type":"binary-expr","locations":[{"start":{"line":11,"column":6},"end":{"line":11,"column":18}},{"start":{"line":11,"column":18},"end":{"line":11,"column":49}},{"start":{"line":11,"column":49},"end":{"line":11,"column":63}}],"line":11},"2":{"loc":{"start":{"line":14,"column":9},"end":{"line":14,"column":null}},"type":"cond-expr","locations":[{"start":{"line":14,"column":21},"end":{"line":14,"column":44}},{"start":{"line":14,"column":44},"end":{"line":14,"column":null}}],"line":14},"3":{"loc":{"start":{"line":23,"column":2},"end":{"line":23,"column":null}},"type":"if","locations":[{"start":{"line":23,"column":2},"end":{"line":23,"column":null}},{"start":{},"end":{}}],"line":23},"4":{"loc":{"start":{"line":33,"column":2},"end":{"line":33,"column":null}},"type":"if","locations":[{"start":{"line":33,"column":2},"end":{"line":33,"column":null}},{"start":{},"end":{}}],"line":33},"5":{"loc":{"start":{"line":34,"column":2},"end":{"line":34,"column":null}},"type":"if","locations":[{"start":{"line":34,"column":2},"end":{"line":34,"column":null}},{"start":{},"end":{}}],"line":34},"6":{"loc":{"start":{"line":35,"column":2},"end":{"line":35,"column":null}},"type":"if","locations":[{"start":{"line":35,"column":2},"end":{"line":35,"column":null}},{"start":{},"end":{}}],"line":35},"7":{"loc":{"start":{"line":36,"column":2},"end":{"line":36,"column":null}},"type":"if","locations":[{"start":{"line":36,"column":2},"end":{"line":36,"column":null}},{"start":{},"end":{}}],"line":36}},"s":{"0":2,"1":13,"2":3,"3":10,"4":10,"5":10,"6":2,"7":9,"8":1,"9":8,"10":2,"11":16,"12":1,"13":15,"14":15,"15":6,"16":6,"17":4,"18":4,"19":2},"f":{"0":13,"1":9,"2":16},"b":{"0":[3,10],"1":[13,11,11],"2":[9,1],"3":[1,8],"4":[1,15],"5":[9,6],"6":[2,4],"7":[2,2]},"meta":{"lastBranch":8,"lastFunction":3,"lastStatement":20,"seen":{"s:10:29:15:Infinity":0,"f:10:29:10:30":0,"b:11:2:11:Infinity:undefined:undefined:undefined:undefined":0,"s:11:2:11:Infinity":1,"b:11:6:11:18:11:18:11:49:11:49:11:63":1,"s:11:63:11:Infinity":2,"s:12:16:12:Infinity":3,"s:13:15:13:Infinity":4,"s:14:2:14:Infinity":5,"b:14:21:14:44:14:44:14:Infinity":2,"s:22:26:25:Infinity":6,"f:22:26:22:27":1,"b:23:2:23:Infinity:undefined:undefined:undefined:undefined":3,"s:23:2:23:Infinity":7,"s:23:19:23:Infinity":8,"s:24:2:24:Infinity":9,"s:32:30:38:Infinity":10,"f:32:30:32:31":2,"b:33:2:33:Infinity:undefined:undefined:undefined:undefined":4,"s:33:2:33:Infinity":11,"s:33:15:33:Infinity":12,"b:34:2:34:Infinity:undefined:undefined:undefined:undefined":5,"s:34:2:34:Infinity":13,"s:34:19:34:Infinity":14,"b:35:2:35:Infinity:undefined:undefined:undefined:undefined":6,"s:35:2:35:Infinity":15,"s:35:19:35:Infinity":16,"b:36:2:36:Infinity:undefined:undefined:undefined:undefined":7,"s:36:2:36:Infinity":17,"s:36:19:36:Infinity":18,"s:37:2:37:Infinity":19}}}
}
